CRITICAL - 2022-06-11 08:25:38 --> Cannot modify header information - headers already sent by (output started at C:\xampp\htdocs\Lab11\ci4\app\Config\Events.php:32)
in SYSTEMPATH\Debug\Toolbar.php on line 447.
 1 [internal function]: CodeIgniter\Debug\Exceptions->errorHandler(2, 'Cannot modify header information - headers already sent by (output started at C:\\xampp\\htdocs\\Lab11\\ci4\\app\\Config\\Events.php:32)', 'SYSTEMPATH\\Debug\\Toolbar.php', 447)
 2 SYSTEMPATH\Debug\Toolbar.php(447): header('Content-Type: application/javascript')
 3 APPPATH\Config\Events.php(46): CodeIgniter\Debug\Toolbar->respond()
 4 SYSTEMPATH\Events\Events.php(149): CodeIgniter\Events\Events::Config\{closure}()
 5 SYSTEMPATH\CodeIgniter.php(328): CodeIgniter\Events\Events::trigger('pre_system')
 6 FCPATH\index.php(55): CodeIgniter\CodeIgniter->run()
CRITICAL - 2022-06-11 08:46:10 --> Cannot modify header information - headers already sent by (output started at C:\xampp\htdocs\Lab11\ci4\app\Config\Events.php:32)
in SYSTEMPATH\Debug\Toolbar.php on line 447.
 1 [internal function]: CodeIgniter\Debug\Exceptions->errorHandler(2, 'Cannot modify header information - headers already sent by (output started at C:\\xampp\\htdocs\\Lab11\\ci4\\app\\Config\\Events.php:32)', 'SYSTEMPATH\\Debug\\Toolbar.php', 447)
 2 SYSTEMPATH\Debug\Toolbar.php(447): header('Content-Type: application/javascript')
 3 APPPATH\Config\Events.php(46): CodeIgniter\Debug\Toolbar->respond()
 4 SYSTEMPATH\Events\Events.php(149): CodeIgniter\Events\Events::Config\{closure}()
 5 SYSTEMPATH\CodeIgniter.php(328): CodeIgniter\Events\Events::trigger('pre_system')
 6 FCPATH\index.php(55): CodeIgniter\CodeIgniter->run()
CRITICAL - 2022-06-11 08:46:19 --> Cannot modify header information - headers already sent by (output started at C:\xampp\htdocs\Lab11\ci4\app\Config\Events.php:32)
in SYSTEMPATH\Debug\Toolbar.php on line 447.
 1 [internal function]: CodeIgniter\Debug\Exceptions->errorHandler(2, 'Cannot modify header information - headers already sent by (output started at C:\\xampp\\htdocs\\Lab11\\ci4\\app\\Config\\Events.php:32)', 'SYSTEMPATH\\Debug\\Toolbar.php', 447)
 2 SYSTEMPATH\Debug\Toolbar.php(447): header('Content-Type: application/javascript')
 3 APPPATH\Config\Events.php(46): CodeIgniter\Debug\Toolbar->respond()
 4 SYSTEMPATH\Events\Events.php(149): CodeIgniter\Events\Events::Config\{closure}()
 5 SYSTEMPATH\CodeIgniter.php(328): CodeIgniter\Events\Events::trigger('pre_system')
 6 FCPATH\index.php(55): CodeIgniter\CodeIgniter->run()
CRITICAL - 2022-06-11 08:56:02 --> Cannot modify header information - headers already sent by (output started at C:\xampp\htdocs\Lab11\ci4\app\Config\Events.php:32)
in SYSTEMPATH\Debug\Toolbar.php on line 447.
 1 [internal function]: CodeIgniter\Debug\Exceptions->errorHandler(2, 'Cannot modify header information - headers already sent by (output started at C:\\xampp\\htdocs\\Lab11\\ci4\\app\\Config\\Events.php:32)', 'SYSTEMPATH\\Debug\\Toolbar.php', 447)
 2 SYSTEMPATH\Debug\Toolbar.php(447): header('Content-Type: application/javascript')
 3 APPPATH\Config\Events.php(46): CodeIgniter\Debug\Toolbar->respond()
 4 SYSTEMPATH\Events\Events.php(149): CodeIgniter\Events\Events::Config\{closure}()
 5 SYSTEMPATH\CodeIgniter.php(328): CodeIgniter\Events\Events::trigger('pre_system')
 6 FCPATH\index.php(55): CodeIgniter\CodeIgniter->run()
CRITICAL - 2022-06-11 08:56:04 --> Invalid file: tamplate/footer1.php
in SYSTEMPATH\Exceptions\FrameworkException.php on line 33.
 1 SYSTEMPATH\View\View.php(201): CodeIgniter\Exceptions\FrameworkException::forInvalidFile('tamplate/footer1.php')
 2 SYSTEMPATH\View\View.php(429): CodeIgniter\View\View->render('tamplate/footer1', null, true)
 3 APPPATH\Views\about.php(20): CodeIgniter\View\View->include('tamplate/footer1')
 4 SYSTEMPATH\View\View.php(213): include('APPPATH\\Views\\about.php')
 5 SYSTEMPATH\View\View.php(216): CodeIgniter\View\View->CodeIgniter\View\{closure}()
 6 SYSTEMPATH\Common.php(1135): CodeIgniter\View\View->render('about', [], true)
 7 APPPATH\Controllers\Page.php(9): view('about')
 8 SYSTEMPATH\CodeIgniter.php(898): App\Controllers\page->about()
 9 SYSTEMPATH\CodeIgniter.php(468): CodeIgniter\CodeIgniter->runController(Object(App\Controllers\page))
10 SYSTEMPATH\CodeIgniter.php(351): CodeIgniter\CodeIgniter->handleRequest(null, Object(Config\Cache), false)
11 FCPATH\index.php(55): CodeIgniter\CodeIgniter->run()
12 SYSTEMPATH\Commands\Server\rewrite.php(43): require_once('FCPATH\\index.php')
CRITICAL - 2022-06-11 08:56:10 --> Invalid file: tamplate/footer1.php
in SYSTEMPATH\Exceptions\FrameworkException.php on line 33.
 1 SYSTEMPATH\View\View.php(201): CodeIgniter\Exceptions\FrameworkException::forInvalidFile('tamplate/footer1.php')
 2 SYSTEMPATH\View\View.php(429): CodeIgniter\View\View->render('tamplate/footer1', null, true)
 3 APPPATH\Views\about.php(20): CodeIgniter\View\View->include('tamplate/footer1')
 4 SYSTEMPATH\View\View.php(213): include('APPPATH\\Views\\about.php')
 5 SYSTEMPATH\View\View.php(216): CodeIgniter\View\View->CodeIgniter\View\{closure}()
 6 SYSTEMPATH\Common.php(1135): CodeIgniter\View\View->render('about', [], true)
 7 APPPATH\Controllers\Page.php(9): view('about')
 8 SYSTEMPATH\CodeIgniter.php(898): App\Controllers\page->about()
 9 SYSTEMPATH\CodeIgniter.php(468): CodeIgniter\CodeIgniter->runController(Object(App\Controllers\page))
10 SYSTEMPATH\CodeIgniter.php(351): CodeIgniter\CodeIgniter->handleRequest(null, Object(Config\Cache), false)
11 FCPATH\index.php(55): CodeIgniter\CodeIgniter->run()
12 SYSTEMPATH\Commands\Server\rewrite.php(43): require_once('FCPATH\\index.php')
CRITICAL - 2022-06-11 08:56:14 --> Invalid file: tamplate/footer1.php
in SYSTEMPATH\Exceptions\FrameworkException.php on line 33.
 1 SYSTEMPATH\View\View.php(201): CodeIgniter\Exceptions\FrameworkException::forInvalidFile('tamplate/footer1.php')
 2 SYSTEMPATH\View\View.php(429): CodeIgniter\View\View->render('tamplate/footer1', null, true)
 3 APPPATH\Views\contact.php(34): CodeIgniter\View\View->include('tamplate/footer1')
 4 SYSTEMPATH\View\View.php(213): include('APPPATH\\Views\\contact.php')
 5 SYSTEMPATH\View\View.php(216): CodeIgniter\View\View->CodeIgniter\View\{closure}()
 6 SYSTEMPATH\Common.php(1135): CodeIgniter\View\View->render('contact', [], true)
 7 APPPATH\Controllers\Page.php(13): view('contact')
 8 SYSTEMPATH\CodeIgniter.php(898): App\Controllers\page->contact()
 9 SYSTEMPATH\CodeIgniter.php(468): CodeIgniter\CodeIgniter->runController(Object(App\Controllers\page))
10 SYSTEMPATH\CodeIgniter.php(351): CodeIgniter\CodeIgniter->handleRequest(null, Object(Config\Cache), false)
11 FCPATH\index.php(55): CodeIgniter\CodeIgniter->run()
12 SYSTEMPATH\Commands\Server\rewrite.php(43): require_once('FCPATH\\index.php')
CRITICAL - 2022-06-11 08:58:12 --> Cannot modify header information - headers already sent by (output started at C:\xampp\htdocs\Lab11\ci4\app\Config\Events.php:32)
in SYSTEMPATH\Debug\Toolbar.php on line 447.
 1 [internal function]: CodeIgniter\Debug\Exceptions->errorHandler(2, 'Cannot modify header information - headers already sent by (output started at C:\\xampp\\htdocs\\Lab11\\ci4\\app\\Config\\Events.php:32)', 'SYSTEMPATH\\Debug\\Toolbar.php', 447)
 2 SYSTEMPATH\Debug\Toolbar.php(447): header('Content-Type: application/javascript')
 3 APPPATH\Config\Events.php(46): CodeIgniter\Debug\Toolbar->respond()
 4 SYSTEMPATH\Events\Events.php(149): CodeIgniter\Events\Events::Config\{closure}()
 5 SYSTEMPATH\CodeIgniter.php(328): CodeIgniter\Events\Events::trigger('pre_system')
 6 FCPATH\index.php(55): CodeIgniter\CodeIgniter->run()
CRITICAL - 2022-06-11 08:58:14 --> Cannot modify header information - headers already sent by (output started at C:\xampp\htdocs\Lab11\ci4\app\Config\Events.php:32)
in SYSTEMPATH\Debug\Toolbar.php on line 447.
 1 [internal function]: CodeIgniter\Debug\Exceptions->errorHandler(2, 'Cannot modify header information - headers already sent by (output started at C:\\xampp\\htdocs\\Lab11\\ci4\\app\\Config\\Events.php:32)', 'SYSTEMPATH\\Debug\\Toolbar.php', 447)
 2 SYSTEMPATH\Debug\Toolbar.php(447): header('Content-Type: application/javascript')
 3 APPPATH\Config\Events.php(46): CodeIgniter\Debug\Toolbar->respond()
 4 SYSTEMPATH\Events\Events.php(149): CodeIgniter\Events\Events::Config\{closure}()
 5 SYSTEMPATH\CodeIgniter.php(328): CodeIgniter\Events\Events::trigger('pre_system')
 6 FCPATH\index.php(55): CodeIgniter\CodeIgniter->run()
CRITICAL - 2022-06-11 08:58:16 --> Cannot modify header information - headers already sent by (output started at C:\xampp\htdocs\Lab11\ci4\app\Config\Events.php:32)
in SYSTEMPATH\Debug\Toolbar.php on line 447.
 1 [internal function]: CodeIgniter\Debug\Exceptions->errorHandler(2, 'Cannot modify header information - headers already sent by (output started at C:\\xampp\\htdocs\\Lab11\\ci4\\app\\Config\\Events.php:32)', 'SYSTEMPATH\\Debug\\Toolbar.php', 447)
 2 SYSTEMPATH\Debug\Toolbar.php(447): header('Content-Type: application/javascript')
 3 APPPATH\Config\Events.php(46): CodeIgniter\Debug\Toolbar->respond()
 4 SYSTEMPATH\Events\Events.php(149): CodeIgniter\Events\Events::Config\{closure}()
 5 SYSTEMPATH\CodeIgniter.php(328): CodeIgniter\Events\Events::trigger('pre_system')
 6 FCPATH\index.php(55): CodeIgniter\CodeIgniter->run()
CRITICAL - 2022-06-11 08:58:18 --> Cannot modify header information - headers already sent by (output started at C:\xampp\htdocs\Lab11\ci4\app\Config\Events.php:32)
in SYSTEMPATH\Debug\Toolbar.php on line 447.
 1 [internal function]: CodeIgniter\Debug\Exceptions->errorHandler(2, 'Cannot modify header information - headers already sent by (output started at C:\\xampp\\htdocs\\Lab11\\ci4\\app\\Config\\Events.php:32)', 'SYSTEMPATH\\Debug\\Toolbar.php', 447)
 2 SYSTEMPATH\Debug\Toolbar.php(447): header('Content-Type: application/javascript')
 3 APPPATH\Config\Events.php(46): CodeIgniter\Debug\Toolbar->respond()
 4 SYSTEMPATH\Events\Events.php(149): CodeIgniter\Events\Events::Config\{closure}()
 5 SYSTEMPATH\CodeIgniter.php(328): CodeIgniter\Events\Events::trigger('pre_system')
 6 FCPATH\index.php(55): CodeIgniter\CodeIgniter->run()
CRITICAL - 2022-06-11 08:58:19 --> Cannot modify header information - headers already sent by (output started at C:\xampp\htdocs\Lab11\ci4\app\Config\Events.php:32)
in SYSTEMPATH\Debug\Toolbar.php on line 447.
 1 [internal function]: CodeIgniter\Debug\Exceptions->errorHandler(2, 'Cannot modify header information - headers already sent by (output started at C:\\xampp\\htdocs\\Lab11\\ci4\\app\\Config\\Events.php:32)', 'SYSTEMPATH\\Debug\\Toolbar.php', 447)
 2 SYSTEMPATH\Debug\Toolbar.php(447): header('Content-Type: application/javascript')
 3 APPPATH\Config\Events.php(46): CodeIgniter\Debug\Toolbar->respond()
 4 SYSTEMPATH\Events\Events.php(149): CodeIgniter\Events\Events::Config\{closure}()
 5 SYSTEMPATH\CodeIgniter.php(328): CodeIgniter\Events\Events::trigger('pre_system')
 6 FCPATH\index.php(55): CodeIgniter\CodeIgniter->run()
CRITICAL - 2022-06-11 08:59:36 --> Cannot modify header information - headers already sent by (output started at C:\xampp\htdocs\Lab11\ci4\app\Config\Events.php:32)
in SYSTEMPATH\Debug\Toolbar.php on line 447.
 1 [internal function]: CodeIgniter\Debug\Exceptions->errorHandler(2, 'Cannot modify header information - headers already sent by (output started at C:\\xampp\\htdocs\\Lab11\\ci4\\app\\Config\\Events.php:32)', 'SYSTEMPATH\\Debug\\Toolbar.php', 447)
 2 SYSTEMPATH\Debug\Toolbar.php(447): header('Content-Type: application/javascript')
 3 APPPATH\Config\Events.php(46): CodeIgniter\Debug\Toolbar->respond()
 4 SYSTEMPATH\Events\Events.php(149): CodeIgniter\Events\Events::Config\{closure}()
 5 SYSTEMPATH\CodeIgniter.php(328): CodeIgniter\Events\Events::trigger('pre_system')
 6 FCPATH\index.php(55): CodeIgniter\CodeIgniter->run()
CRITICAL - 2022-06-11 08:59:45 --> Cannot modify header information - headers already sent by (output started at C:\xampp\htdocs\Lab11\ci4\app\Config\Events.php:32)
in SYSTEMPATH\Debug\Toolbar.php on line 447.
 1 [internal function]: CodeIgniter\Debug\Exceptions->errorHandler(2, 'Cannot modify header information - headers already sent by (output started at C:\\xampp\\htdocs\\Lab11\\ci4\\app\\Config\\Events.php:32)', 'SYSTEMPATH\\Debug\\Toolbar.php', 447)
 2 SYSTEMPATH\Debug\Toolbar.php(447): header('Content-Type: application/javascript')
 3 APPPATH\Config\Events.php(46): CodeIgniter\Debug\Toolbar->respond()
 4 SYSTEMPATH\Events\Events.php(149): CodeIgniter\Events\Events::Config\{closure}()
 5 SYSTEMPATH\CodeIgniter.php(328): CodeIgniter\Events\Events::trigger('pre_system')
 6 FCPATH\index.php(55): CodeIgniter\CodeIgniter->run()
CRITICAL - 2022-06-11 09:06:00 --> Cannot modify header information - headers already sent by (output started at C:\xampp\htdocs\Lab11\ci4\app\Config\Events.php:32)
in SYSTEMPATH\Debug\Toolbar.php on line 447.
 1 [internal function]: CodeIgniter\Debug\Exceptions->errorHandler(2, 'Cannot modify header information - headers already sent by (output started at C:\\xampp\\htdocs\\Lab11\\ci4\\app\\Config\\Events.php:32)', 'SYSTEMPATH\\Debug\\Toolbar.php', 447)
 2 SYSTEMPATH\Debug\Toolbar.php(447): header('Content-Type: application/javascript')
 3 APPPATH\Config\Events.php(46): CodeIgniter\Debug\Toolbar->respond()
 4 SYSTEMPATH\Events\Events.php(149): CodeIgniter\Events\Events::Config\{closure}()
 5 SYSTEMPATH\CodeIgniter.php(328): CodeIgniter\Events\Events::trigger('pre_system')
 6 FCPATH\index.php(55): CodeIgniter\CodeIgniter->run()
CRITICAL - 2022-06-11 09:06:09 --> Cannot modify header information - headers already sent by (output started at C:\xampp\htdocs\Lab11\ci4\app\Config\Events.php:32)
in SYSTEMPATH\Debug\Toolbar.php on line 447.
 1 [internal function]: CodeIgniter\Debug\Exceptions->errorHandler(2, 'Cannot modify header information - headers already sent by (output started at C:\\xampp\\htdocs\\Lab11\\ci4\\app\\Config\\Events.php:32)', 'SYSTEMPATH\\Debug\\Toolbar.php', 447)
 2 SYSTEMPATH\Debug\Toolbar.php(447): header('Content-Type: application/javascript')
 3 APPPATH\Config\Events.php(46): CodeIgniter\Debug\Toolbar->respond()
 4 SYSTEMPATH\Events\Events.php(149): CodeIgniter\Events\Events::Config\{closure}()
 5 SYSTEMPATH\CodeIgniter.php(328): CodeIgniter\Events\Events::trigger('pre_system')
 6 FCPATH\index.php(55): CodeIgniter\CodeIgniter->run()
CRITICAL - 2022-06-11 09:06:11 --> Cannot modify header information - headers already sent by (output started at C:\xampp\htdocs\Lab11\ci4\app\Config\Events.php:32)
in SYSTEMPATH\Debug\Toolbar.php on line 447.
 1 [internal function]: CodeIgniter\Debug\Exceptions->errorHandler(2, 'Cannot modify header information - headers already sent by (output started at C:\\xampp\\htdocs\\Lab11\\ci4\\app\\Config\\Events.php:32)', 'SYSTEMPATH\\Debug\\Toolbar.php', 447)
 2 SYSTEMPATH\Debug\Toolbar.php(447): header('Content-Type: application/javascript')
 3 APPPATH\Config\Events.php(46): CodeIgniter\Debug\Toolbar->respond()
 4 SYSTEMPATH\Events\Events.php(149): CodeIgniter\Events\Events::Config\{closure}()
 5 SYSTEMPATH\CodeIgniter.php(328): CodeIgniter\Events\Events::trigger('pre_system')
 6 FCPATH\index.php(55): CodeIgniter\CodeIgniter->run()
CRITICAL - 2022-06-11 09:17:30 --> Cannot modify header information - headers already sent by (output started at C:\xampp\htdocs\Lab11\ci4\app\Config\Events.php:32)
in SYSTEMPATH\Debug\Toolbar.php on line 447.
 1 [internal function]: CodeIgniter\Debug\Exceptions->errorHandler(2, 'Cannot modify header information - headers already sent by (output started at C:\\xampp\\htdocs\\Lab11\\ci4\\app\\Config\\Events.php:32)', 'SYSTEMPATH\\Debug\\Toolbar.php', 447)
 2 SYSTEMPATH\Debug\Toolbar.php(447): header('Content-Type: application/javascript')
 3 APPPATH\Config\Events.php(46): CodeIgniter\Debug\Toolbar->respond()
 4 SYSTEMPATH\Events\Events.php(149): CodeIgniter\Events\Events::Config\{closure}()
 5 SYSTEMPATH\CodeIgniter.php(328): CodeIgniter\Events\Events::trigger('pre_system')
 6 FCPATH\index.php(55): CodeIgniter\CodeIgniter->run()
CRITICAL - 2022-06-11 09:17:35 --> Cannot modify header information - headers already sent by (output started at C:\xampp\htdocs\Lab11\ci4\app\Config\Events.php:32)
in SYSTEMPATH\Debug\Toolbar.php on line 447.
 1 [internal function]: CodeIgniter\Debug\Exceptions->errorHandler(2, 'Cannot modify header information - headers already sent by (output started at C:\\xampp\\htdocs\\Lab11\\ci4\\app\\Config\\Events.php:32)', 'SYSTEMPATH\\Debug\\Toolbar.php', 447)
 2 SYSTEMPATH\Debug\Toolbar.php(447): header('Content-Type: application/javascript')
 3 APPPATH\Config\Events.php(46): CodeIgniter\Debug\Toolbar->respond()
 4 SYSTEMPATH\Events\Events.php(149): CodeIgniter\Events\Events::Config\{closure}()
 5 SYSTEMPATH\CodeIgniter.php(328): CodeIgniter\Events\Events::trigger('pre_system')
 6 FCPATH\index.php(55): CodeIgniter\CodeIgniter->run()
CRITICAL - 2022-06-11 09:17:37 --> Cannot modify header information - headers already sent by (output started at C:\xampp\htdocs\Lab11\ci4\app\Config\Events.php:32)
in SYSTEMPATH\Debug\Toolbar.php on line 447.
 1 [internal function]: CodeIgniter\Debug\Exceptions->errorHandler(2, 'Cannot modify header information - headers already sent by (output started at C:\\xampp\\htdocs\\Lab11\\ci4\\app\\Config\\Events.php:32)', 'SYSTEMPATH\\Debug\\Toolbar.php', 447)
 2 SYSTEMPATH\Debug\Toolbar.php(447): header('Content-Type: application/javascript')
 3 APPPATH\Config\Events.php(46): CodeIgniter\Debug\Toolbar->respond()
 4 SYSTEMPATH\Events\Events.php(149): CodeIgniter\Events\Events::Config\{closure}()
 5 SYSTEMPATH\CodeIgniter.php(328): CodeIgniter\Events\Events::trigger('pre_system')
 6 FCPATH\index.php(55): CodeIgniter\CodeIgniter->run()
CRITICAL - 2022-06-11 09:17:38 --> Cannot modify header information - headers already sent by (output started at C:\xampp\htdocs\Lab11\ci4\app\Config\Events.php:32)
in SYSTEMPATH\Debug\Toolbar.php on line 447.
 1 [internal function]: CodeIgniter\Debug\Exceptions->errorHandler(2, 'Cannot modify header information - headers already sent by (output started at C:\\xampp\\htdocs\\Lab11\\ci4\\app\\Config\\Events.php:32)', 'SYSTEMPATH\\Debug\\Toolbar.php', 447)
 2 SYSTEMPATH\Debug\Toolbar.php(447): header('Content-Type: application/javascript')
 3 APPPATH\Config\Events.php(46): CodeIgniter\Debug\Toolbar->respond()
 4 SYSTEMPATH\Events\Events.php(149): CodeIgniter\Events\Events::Config\{closure}()
 5 SYSTEMPATH\CodeIgniter.php(328): CodeIgniter\Events\Events::trigger('pre_system')
 6 FCPATH\index.php(55): CodeIgniter\CodeIgniter->run()
CRITICAL - 2022-06-11 09:17:41 --> Cannot modify header information - headers already sent by (output started at C:\xampp\htdocs\Lab11\ci4\app\Config\Events.php:32)
in SYSTEMPATH\Debug\Toolbar.php on line 447.
 1 [internal function]: CodeIgniter\Debug\Exceptions->errorHandler(2, 'Cannot modify header information - headers already sent by (output started at C:\\xampp\\htdocs\\Lab11\\ci4\\app\\Config\\Events.php:32)', 'SYSTEMPATH\\Debug\\Toolbar.php', 447)
 2 SYSTEMPATH\Debug\Toolbar.php(447): header('Content-Type: application/javascript')
 3 APPPATH\Config\Events.php(46): CodeIgniter\Debug\Toolbar->respond()
 4 SYSTEMPATH\Events\Events.php(149): CodeIgniter\Events\Events::Config\{closure}()
 5 SYSTEMPATH\CodeIgniter.php(328): CodeIgniter\Events\Events::trigger('pre_system')
 6 FCPATH\index.php(55): CodeIgniter\CodeIgniter->run()
CRITICAL - 2022-06-11 09:20:30 --> Cannot modify header information - headers already sent by (output started at C:\xampp\htdocs\Lab11\ci4\app\Config\Events.php:32)
in SYSTEMPATH\Debug\Toolbar.php on line 447.
 1 [internal function]: CodeIgniter\Debug\Exceptions->errorHandler(2, 'Cannot modify header information - headers already sent by (output started at C:\\xampp\\htdocs\\Lab11\\ci4\\app\\Config\\Events.php:32)', 'SYSTEMPATH\\Debug\\Toolbar.php', 447)
 2 SYSTEMPATH\Debug\Toolbar.php(447): header('Content-Type: application/javascript')
 3 APPPATH\Config\Events.php(46): CodeIgniter\Debug\Toolbar->respond()
 4 SYSTEMPATH\Events\Events.php(149): CodeIgniter\Events\Events::Config\{closure}()
 5 SYSTEMPATH\CodeIgniter.php(328): CodeIgniter\Events\Events::trigger('pre_system')
 6 FCPATH\index.php(55): CodeIgniter\CodeIgniter->run()
CRITICAL - 2022-06-11 09:21:07 --> Cannot modify header information - headers already sent by (output started at C:\xampp\htdocs\Lab11\ci4\app\Config\Events.php:32)
in SYSTEMPATH\Debug\Toolbar.php on line 447.
 1 [internal function]: CodeIgniter\Debug\Exceptions->errorHandler(2, 'Cannot modify header information - headers already sent by (output started at C:\\xampp\\htdocs\\Lab11\\ci4\\app\\Config\\Events.php:32)', 'SYSTEMPATH\\Debug\\Toolbar.php', 447)
 2 SYSTEMPATH\Debug\Toolbar.php(447): header('Content-Type: application/javascript')
 3 APPPATH\Config\Events.php(46): CodeIgniter\Debug\Toolbar->respond()
 4 SYSTEMPATH\Events\Events.php(149): CodeIgniter\Events\Events::Config\{closure}()
 5 SYSTEMPATH\CodeIgniter.php(328): CodeIgniter\Events\Events::trigger('pre_system')
 6 FCPATH\index.php(55): CodeIgniter\CodeIgniter->run()
