CRITICAL - 2022-06-19 08:39:02 --> Invalid file: template/header.php
in SYSTEMPATH\Exceptions\FrameworkException.php on line 33.
 1 SYSTEMPATH\View\View.php(201): CodeIgniter\Exceptions\FrameworkException::forInvalidFile('template/header.php')
 2 SYSTEMPATH\View\View.php(429): CodeIgniter\View\View->render('template/header', null, true)
 3 APPPATH\Views\index.php(1): CodeIgniter\View\View->include('template/header')
 4 SYSTEMPATH\View\View.php(213): include('APPPATH\\Views\\index.php')
 5 SYSTEMPATH\View\View.php(216): CodeIgniter\View\View->CodeIgniter\View\{closure}()
 6 SYSTEMPATH\Common.php(1135): CodeIgniter\View\View->render('index', [], true)
 7 APPPATH\Controllers\Home.php(9): view('index')
 8 SYSTEMPATH\CodeIgniter.php(898): App\Controllers\Home->index()
 9 SYSTEMPATH\CodeIgniter.php(468): CodeIgniter\CodeIgniter->runController(Object(App\Controllers\Home))
10 SYSTEMPATH\CodeIgniter.php(351): CodeIgniter\CodeIgniter->handleRequest(null, Object(Config\Cache), false)
11 FCPATH\index.php(55): CodeIgniter\CodeIgniter->run()
12 SYSTEMPATH\Commands\Server\rewrite.php(43): require_once('FCPATH\\index.php')
CRITICAL - 2022-06-19 08:43:12 --> Undefined variable $artikel
in APPPATH\Views\index.php on line 3.
 1 APPPATH\Views\index.php(3): CodeIgniter\Debug\Exceptions->errorHandler(2, 'Undefined variable $artikel', 'APPPATH\\Views\\index.php', 3)
 2 SYSTEMPATH\View\View.php(213): include('APPPATH\\Views\\index.php')
 3 SYSTEMPATH\View\View.php(216): CodeIgniter\View\View->CodeIgniter\View\{closure}()
 4 SYSTEMPATH\Common.php(1135): CodeIgniter\View\View->render('index', [], true)
 5 APPPATH\Controllers\Home.php(9): view('index')
 6 SYSTEMPATH\CodeIgniter.php(898): App\Controllers\Home->index()
 7 SYSTEMPATH\CodeIgniter.php(468): CodeIgniter\CodeIgniter->runController(Object(App\Controllers\Home))
 8 SYSTEMPATH\CodeIgniter.php(351): CodeIgniter\CodeIgniter->handleRequest(null, Object(Config\Cache), false)
 9 FCPATH\index.php(55): CodeIgniter\CodeIgniter->run()
10 SYSTEMPATH\Commands\Server\rewrite.php(43): require_once('FCPATH\\index.php')
CRITICAL - 2022-06-19 08:48:08 --> Cannot modify header information - headers already sent by (output started at C:\xampp\htdocs\Lab11\ci4\app\Config\Events.php:32)
in SYSTEMPATH\Debug\Toolbar.php on line 447.
 1 [internal function]: CodeIgniter\Debug\Exceptions->errorHandler(2, 'Cannot modify header information - headers already sent by (output started at C:\\xampp\\htdocs\\Lab11\\ci4\\app\\Config\\Events.php:32)', 'SYSTEMPATH\\Debug\\Toolbar.php', 447)
 2 SYSTEMPATH\Debug\Toolbar.php(447): header('Content-Type: application/javascript')
 3 APPPATH\Config\Events.php(46): CodeIgniter\Debug\Toolbar->respond()
 4 SYSTEMPATH\Events\Events.php(149): CodeIgniter\Events\Events::Config\{closure}()
 5 SYSTEMPATH\CodeIgniter.php(328): CodeIgniter\Events\Events::trigger('pre_system')
 6 FCPATH\index.php(55): CodeIgniter\CodeIgniter->run()
CRITICAL - 2022-06-19 08:48:17 --> Cannot modify header information - headers already sent by (output started at C:\xampp\htdocs\Lab11\ci4\app\Config\Events.php:32)
in SYSTEMPATH\Debug\Toolbar.php on line 447.
 1 [internal function]: CodeIgniter\Debug\Exceptions->errorHandler(2, 'Cannot modify header information - headers already sent by (output started at C:\\xampp\\htdocs\\Lab11\\ci4\\app\\Config\\Events.php:32)', 'SYSTEMPATH\\Debug\\Toolbar.php', 447)
 2 SYSTEMPATH\Debug\Toolbar.php(447): header('Content-Type: application/javascript')
 3 APPPATH\Config\Events.php(46): CodeIgniter\Debug\Toolbar->respond()
 4 SYSTEMPATH\Events\Events.php(149): CodeIgniter\Events\Events::Config\{closure}()
 5 SYSTEMPATH\CodeIgniter.php(328): CodeIgniter\Events\Events::trigger('pre_system')
 6 FCPATH\index.php(55): CodeIgniter\CodeIgniter->run()
CRITICAL - 2022-06-19 08:48:19 --> Cannot modify header information - headers already sent by (output started at C:\xampp\htdocs\Lab11\ci4\app\Config\Events.php:32)
in SYSTEMPATH\Debug\Toolbar.php on line 447.
 1 [internal function]: CodeIgniter\Debug\Exceptions->errorHandler(2, 'Cannot modify header information - headers already sent by (output started at C:\\xampp\\htdocs\\Lab11\\ci4\\app\\Config\\Events.php:32)', 'SYSTEMPATH\\Debug\\Toolbar.php', 447)
 2 SYSTEMPATH\Debug\Toolbar.php(447): header('Content-Type: application/javascript')
 3 APPPATH\Config\Events.php(46): CodeIgniter\Debug\Toolbar->respond()
 4 SYSTEMPATH\Events\Events.php(149): CodeIgniter\Events\Events::Config\{closure}()
 5 SYSTEMPATH\CodeIgniter.php(328): CodeIgniter\Events\Events::trigger('pre_system')
 6 FCPATH\index.php(55): CodeIgniter\CodeIgniter->run()
CRITICAL - 2022-06-19 08:48:22 --> Cannot modify header information - headers already sent by (output started at C:\xampp\htdocs\Lab11\ci4\app\Config\Events.php:32)
in SYSTEMPATH\Debug\Toolbar.php on line 447.
 1 [internal function]: CodeIgniter\Debug\Exceptions->errorHandler(2, 'Cannot modify header information - headers already sent by (output started at C:\\xampp\\htdocs\\Lab11\\ci4\\app\\Config\\Events.php:32)', 'SYSTEMPATH\\Debug\\Toolbar.php', 447)
 2 SYSTEMPATH\Debug\Toolbar.php(447): header('Content-Type: application/javascript')
 3 APPPATH\Config\Events.php(46): CodeIgniter\Debug\Toolbar->respond()
 4 SYSTEMPATH\Events\Events.php(149): CodeIgniter\Events\Events::Config\{closure}()
 5 SYSTEMPATH\CodeIgniter.php(328): CodeIgniter\Events\Events::trigger('pre_system')
 6 FCPATH\index.php(55): CodeIgniter\CodeIgniter->run()
CRITICAL - 2022-06-19 08:52:10 --> Cannot modify header information - headers already sent by (output started at C:\xampp\htdocs\Lab11\ci4\app\Config\Events.php:32)
in SYSTEMPATH\Debug\Toolbar.php on line 447.
 1 [internal function]: CodeIgniter\Debug\Exceptions->errorHandler(2, 'Cannot modify header information - headers already sent by (output started at C:\\xampp\\htdocs\\Lab11\\ci4\\app\\Config\\Events.php:32)', 'SYSTEMPATH\\Debug\\Toolbar.php', 447)
 2 SYSTEMPATH\Debug\Toolbar.php(447): header('Content-Type: application/javascript')
 3 APPPATH\Config\Events.php(46): CodeIgniter\Debug\Toolbar->respond()
 4 SYSTEMPATH\Events\Events.php(149): CodeIgniter\Events\Events::Config\{closure}()
 5 SYSTEMPATH\CodeIgniter.php(328): CodeIgniter\Events\Events::trigger('pre_system')
 6 FCPATH\index.php(55): CodeIgniter\CodeIgniter->run()
CRITICAL - 2022-06-19 08:52:12 --> Cannot modify header information - headers already sent by (output started at C:\xampp\htdocs\Lab11\ci4\app\Config\Events.php:32)
in SYSTEMPATH\Debug\Toolbar.php on line 447.
 1 [internal function]: CodeIgniter\Debug\Exceptions->errorHandler(2, 'Cannot modify header information - headers already sent by (output started at C:\\xampp\\htdocs\\Lab11\\ci4\\app\\Config\\Events.php:32)', 'SYSTEMPATH\\Debug\\Toolbar.php', 447)
 2 SYSTEMPATH\Debug\Toolbar.php(447): header('Content-Type: application/javascript')
 3 APPPATH\Config\Events.php(46): CodeIgniter\Debug\Toolbar->respond()
 4 SYSTEMPATH\Events\Events.php(149): CodeIgniter\Events\Events::Config\{closure}()
 5 SYSTEMPATH\CodeIgniter.php(328): CodeIgniter\Events\Events::trigger('pre_system')
 6 FCPATH\index.php(55): CodeIgniter\CodeIgniter->run()
CRITICAL - 2022-06-19 08:52:24 --> Cannot modify header information - headers already sent by (output started at C:\xampp\htdocs\Lab11\ci4\app\Config\Events.php:32)
in SYSTEMPATH\Debug\Toolbar.php on line 447.
 1 [internal function]: CodeIgniter\Debug\Exceptions->errorHandler(2, 'Cannot modify header information - headers already sent by (output started at C:\\xampp\\htdocs\\Lab11\\ci4\\app\\Config\\Events.php:32)', 'SYSTEMPATH\\Debug\\Toolbar.php', 447)
 2 SYSTEMPATH\Debug\Toolbar.php(447): header('Content-Type: application/javascript')
 3 APPPATH\Config\Events.php(46): CodeIgniter\Debug\Toolbar->respond()
 4 SYSTEMPATH\Events\Events.php(149): CodeIgniter\Events\Events::Config\{closure}()
 5 SYSTEMPATH\CodeIgniter.php(328): CodeIgniter\Events\Events::trigger('pre_system')
 6 FCPATH\index.php(55): CodeIgniter\CodeIgniter->run()
CRITICAL - 2022-06-19 08:52:26 --> Cannot modify header information - headers already sent by (output started at C:\xampp\htdocs\Lab11\ci4\app\Config\Events.php:32)
in SYSTEMPATH\Debug\Toolbar.php on line 447.
 1 [internal function]: CodeIgniter\Debug\Exceptions->errorHandler(2, 'Cannot modify header information - headers already sent by (output started at C:\\xampp\\htdocs\\Lab11\\ci4\\app\\Config\\Events.php:32)', 'SYSTEMPATH\\Debug\\Toolbar.php', 447)
 2 SYSTEMPATH\Debug\Toolbar.php(447): header('Content-Type: application/javascript')
 3 APPPATH\Config\Events.php(46): CodeIgniter\Debug\Toolbar->respond()
 4 SYSTEMPATH\Events\Events.php(149): CodeIgniter\Events\Events::Config\{closure}()
 5 SYSTEMPATH\CodeIgniter.php(328): CodeIgniter\Events\Events::trigger('pre_system')
 6 FCPATH\index.php(55): CodeIgniter\CodeIgniter->run()
CRITICAL - 2022-06-19 08:52:27 --> Cannot modify header information - headers already sent by (output started at C:\xampp\htdocs\Lab11\ci4\app\Config\Events.php:32)
in SYSTEMPATH\Debug\Toolbar.php on line 447.
 1 [internal function]: CodeIgniter\Debug\Exceptions->errorHandler(2, 'Cannot modify header information - headers already sent by (output started at C:\\xampp\\htdocs\\Lab11\\ci4\\app\\Config\\Events.php:32)', 'SYSTEMPATH\\Debug\\Toolbar.php', 447)
 2 SYSTEMPATH\Debug\Toolbar.php(447): header('Content-Type: application/javascript')
 3 APPPATH\Config\Events.php(46): CodeIgniter\Debug\Toolbar->respond()
 4 SYSTEMPATH\Events\Events.php(149): CodeIgniter\Events\Events::Config\{closure}()
 5 SYSTEMPATH\CodeIgniter.php(328): CodeIgniter\Events\Events::trigger('pre_system')
 6 FCPATH\index.php(55): CodeIgniter\CodeIgniter->run()
CRITICAL - 2022-06-19 08:52:29 --> Cannot modify header information - headers already sent by (output started at C:\xampp\htdocs\Lab11\ci4\app\Config\Events.php:32)
in SYSTEMPATH\Debug\Toolbar.php on line 447.
 1 [internal function]: CodeIgniter\Debug\Exceptions->errorHandler(2, 'Cannot modify header information - headers already sent by (output started at C:\\xampp\\htdocs\\Lab11\\ci4\\app\\Config\\Events.php:32)', 'SYSTEMPATH\\Debug\\Toolbar.php', 447)
 2 SYSTEMPATH\Debug\Toolbar.php(447): header('Content-Type: application/javascript')
 3 APPPATH\Config\Events.php(46): CodeIgniter\Debug\Toolbar->respond()
 4 SYSTEMPATH\Events\Events.php(149): CodeIgniter\Events\Events::Config\{closure}()
 5 SYSTEMPATH\CodeIgniter.php(328): CodeIgniter\Events\Events::trigger('pre_system')
 6 FCPATH\index.php(55): CodeIgniter\CodeIgniter->run()
CRITICAL - 2022-06-19 08:54:59 --> Cannot modify header information - headers already sent by (output started at C:\xampp\htdocs\Lab11\ci4\app\Config\Events.php:32)
in SYSTEMPATH\Debug\Toolbar.php on line 447.
 1 [internal function]: CodeIgniter\Debug\Exceptions->errorHandler(2, 'Cannot modify header information - headers already sent by (output started at C:\\xampp\\htdocs\\Lab11\\ci4\\app\\Config\\Events.php:32)', 'SYSTEMPATH\\Debug\\Toolbar.php', 447)
 2 SYSTEMPATH\Debug\Toolbar.php(447): header('Content-Type: application/javascript')
 3 APPPATH\Config\Events.php(46): CodeIgniter\Debug\Toolbar->respond()
 4 SYSTEMPATH\Events\Events.php(149): CodeIgniter\Events\Events::Config\{closure}()
 5 SYSTEMPATH\CodeIgniter.php(328): CodeIgniter\Events\Events::trigger('pre_system')
 6 FCPATH\index.php(55): CodeIgniter\CodeIgniter->run()
CRITICAL - 2022-06-19 08:55:10 --> Cannot modify header information - headers already sent by (output started at C:\xampp\htdocs\Lab11\ci4\app\Config\Events.php:32)
in SYSTEMPATH\Debug\Toolbar.php on line 447.
 1 [internal function]: CodeIgniter\Debug\Exceptions->errorHandler(2, 'Cannot modify header information - headers already sent by (output started at C:\\xampp\\htdocs\\Lab11\\ci4\\app\\Config\\Events.php:32)', 'SYSTEMPATH\\Debug\\Toolbar.php', 447)
 2 SYSTEMPATH\Debug\Toolbar.php(447): header('Content-Type: application/javascript')
 3 APPPATH\Config\Events.php(46): CodeIgniter\Debug\Toolbar->respond()
 4 SYSTEMPATH\Events\Events.php(149): CodeIgniter\Events\Events::Config\{closure}()
 5 SYSTEMPATH\CodeIgniter.php(328): CodeIgniter\Events\Events::trigger('pre_system')
 6 FCPATH\index.php(55): CodeIgniter\CodeIgniter->run()
ERROR - 2022-06-19 09:00:25 --> Error connecting to the database: No connection could be made because the target machine actively refused it
CRITICAL - 2022-06-19 09:00:25 --> Unable to connect to the database.
Main connection [MySQLi]: No connection could be made because the target machine actively refused it
in SYSTEMPATH\Database\BaseConnection.php on line 415.
 1 SYSTEMPATH\Database\BaseConnection.php(585): CodeIgniter\Database\BaseConnection->initialize()
 2 SYSTEMPATH\Database\BaseBuilder.php(1585): CodeIgniter\Database\BaseConnection->query('SELECT *
FROM `artikel`', [], false)
 3 SYSTEMPATH\Model.php(222): CodeIgniter\Database\BaseBuilder->get()
 4 SYSTEMPATH\BaseModel.php(584): CodeIgniter\Model->doFindAll(0, 0)
 5 APPPATH\Controllers\Artikel.php(13): CodeIgniter\BaseModel->findAll()
 6 SYSTEMPATH\CodeIgniter.php(898): App\Controllers\Artikel->index()
 7 SYSTEMPATH\CodeIgniter.php(468): CodeIgniter\CodeIgniter->runController(Object(App\Controllers\Artikel))
 8 SYSTEMPATH\CodeIgniter.php(351): CodeIgniter\CodeIgniter->handleRequest(null, Object(Config\Cache), false)
 9 FCPATH\index.php(55): CodeIgniter\CodeIgniter->run()
10 SYSTEMPATH\Commands\Server\rewrite.php(43): require_once('FCPATH\\index.php')
CRITICAL - 2022-06-19 09:02:39 --> Cannot modify header information - headers already sent by (output started at C:\xampp\htdocs\Lab11\ci4\app\Config\Events.php:32)
in SYSTEMPATH\Debug\Toolbar.php on line 447.
 1 [internal function]: CodeIgniter\Debug\Exceptions->errorHandler(2, 'Cannot modify header information - headers already sent by (output started at C:\\xampp\\htdocs\\Lab11\\ci4\\app\\Config\\Events.php:32)', 'SYSTEMPATH\\Debug\\Toolbar.php', 447)
 2 SYSTEMPATH\Debug\Toolbar.php(447): header('Content-Type: application/javascript')
 3 APPPATH\Config\Events.php(46): CodeIgniter\Debug\Toolbar->respond()
 4 SYSTEMPATH\Events\Events.php(149): CodeIgniter\Events\Events::Config\{closure}()
 5 SYSTEMPATH\CodeIgniter.php(328): CodeIgniter\Events\Events::trigger('pre_system')
 6 FCPATH\index.php(55): CodeIgniter\CodeIgniter->run()
CRITICAL - 2022-06-19 09:18:43 --> Cannot modify header information - headers already sent by (output started at C:\xampp\htdocs\Lab11\ci4\app\Config\Events.php:32)
in SYSTEMPATH\Debug\Toolbar.php on line 447.
 1 [internal function]: CodeIgniter\Debug\Exceptions->errorHandler(2, 'Cannot modify header information - headers already sent by (output started at C:\\xampp\\htdocs\\Lab11\\ci4\\app\\Config\\Events.php:32)', 'SYSTEMPATH\\Debug\\Toolbar.php', 447)
 2 SYSTEMPATH\Debug\Toolbar.php(447): header('Content-Type: application/javascript')
 3 APPPATH\Config\Events.php(46): CodeIgniter\Debug\Toolbar->respond()
 4 SYSTEMPATH\Events\Events.php(149): CodeIgniter\Events\Events::Config\{closure}()
 5 SYSTEMPATH\CodeIgniter.php(328): CodeIgniter\Events\Events::trigger('pre_system')
 6 FCPATH\index.php(55): CodeIgniter\CodeIgniter->run()
CRITICAL - 2022-06-19 09:18:46 --> Cannot modify header information - headers already sent by (output started at C:\xampp\htdocs\Lab11\ci4\app\Config\Events.php:32)
in SYSTEMPATH\Debug\Toolbar.php on line 447.
 1 [internal function]: CodeIgniter\Debug\Exceptions->errorHandler(2, 'Cannot modify header information - headers already sent by (output started at C:\\xampp\\htdocs\\Lab11\\ci4\\app\\Config\\Events.php:32)', 'SYSTEMPATH\\Debug\\Toolbar.php', 447)
 2 SYSTEMPATH\Debug\Toolbar.php(447): header('Content-Type: application/javascript')
 3 APPPATH\Config\Events.php(46): CodeIgniter\Debug\Toolbar->respond()
 4 SYSTEMPATH\Events\Events.php(149): CodeIgniter\Events\Events::Config\{closure}()
 5 SYSTEMPATH\CodeIgniter.php(328): CodeIgniter\Events\Events::trigger('pre_system')
 6 FCPATH\index.php(55): CodeIgniter\CodeIgniter->run()
CRITICAL - 2022-06-19 09:18:53 --> Cannot modify header information - headers already sent by (output started at C:\xampp\htdocs\Lab11\ci4\app\Config\Events.php:32)
in SYSTEMPATH\Debug\Toolbar.php on line 447.
 1 [internal function]: CodeIgniter\Debug\Exceptions->errorHandler(2, 'Cannot modify header information - headers already sent by (output started at C:\\xampp\\htdocs\\Lab11\\ci4\\app\\Config\\Events.php:32)', 'SYSTEMPATH\\Debug\\Toolbar.php', 447)
 2 SYSTEMPATH\Debug\Toolbar.php(447): header('Content-Type: application/javascript')
 3 APPPATH\Config\Events.php(46): CodeIgniter\Debug\Toolbar->respond()
 4 SYSTEMPATH\Events\Events.php(149): CodeIgniter\Events\Events::Config\{closure}()
 5 SYSTEMPATH\CodeIgniter.php(328): CodeIgniter\Events\Events::trigger('pre_system')
 6 FCPATH\index.php(55): CodeIgniter\CodeIgniter->run()
CRITICAL - 2022-06-19 09:18:55 --> Cannot modify header information - headers already sent by (output started at C:\xampp\htdocs\Lab11\ci4\app\Config\Events.php:32)
in SYSTEMPATH\Debug\Toolbar.php on line 447.
 1 [internal function]: CodeIgniter\Debug\Exceptions->errorHandler(2, 'Cannot modify header information - headers already sent by (output started at C:\\xampp\\htdocs\\Lab11\\ci4\\app\\Config\\Events.php:32)', 'SYSTEMPATH\\Debug\\Toolbar.php', 447)
 2 SYSTEMPATH\Debug\Toolbar.php(447): header('Content-Type: application/javascript')
 3 APPPATH\Config\Events.php(46): CodeIgniter\Debug\Toolbar->respond()
 4 SYSTEMPATH\Events\Events.php(149): CodeIgniter\Events\Events::Config\{closure}()
 5 SYSTEMPATH\CodeIgniter.php(328): CodeIgniter\Events\Events::trigger('pre_system')
 6 FCPATH\index.php(55): CodeIgniter\CodeIgniter->run()
CRITICAL - 2022-06-19 09:20:59 --> Undefined variable $artikel
in APPPATH\Views\artikel\index.php on line 7.
 1 APPPATH\Views\artikel\index.php(7): CodeIgniter\Debug\Exceptions->errorHandler(2, 'Undefined variable $artikel', 'APPPATH\\Views\\artikel\\index.php', 7)
 2 SYSTEMPATH\View\View.php(213): include('APPPATH\\Views\\artikel\\index.php')
 3 SYSTEMPATH\View\View.php(216): CodeIgniter\View\View->CodeIgniter\View\{closure}()
 4 SYSTEMPATH\Common.php(1135): CodeIgniter\View\View->render('artikel/index', [], true)
 5 APPPATH\Controllers\Artikel.php(15): view('artikel/index')
 6 SYSTEMPATH\CodeIgniter.php(898): App\Controllers\Artikel->index()
 7 SYSTEMPATH\CodeIgniter.php(468): CodeIgniter\CodeIgniter->runController(Object(App\Controllers\Artikel))
 8 SYSTEMPATH\CodeIgniter.php(351): CodeIgniter\CodeIgniter->handleRequest(null, Object(Config\Cache), false)
 9 FCPATH\index.php(55): CodeIgniter\CodeIgniter->run()
10 SYSTEMPATH\Commands\Server\rewrite.php(43): require_once('FCPATH\\index.php')
CRITICAL - 2022-06-19 09:21:48 --> Cannot modify header information - headers already sent by (output started at C:\xampp\htdocs\Lab11\ci4\app\Config\Events.php:32)
in SYSTEMPATH\Debug\Toolbar.php on line 447.
 1 [internal function]: CodeIgniter\Debug\Exceptions->errorHandler(2, 'Cannot modify header information - headers already sent by (output started at C:\\xampp\\htdocs\\Lab11\\ci4\\app\\Config\\Events.php:32)', 'SYSTEMPATH\\Debug\\Toolbar.php', 447)
 2 SYSTEMPATH\Debug\Toolbar.php(447): header('Content-Type: application/javascript')
 3 APPPATH\Config\Events.php(46): CodeIgniter\Debug\Toolbar->respond()
 4 SYSTEMPATH\Events\Events.php(149): CodeIgniter\Events\Events::Config\{closure}()
 5 SYSTEMPATH\CodeIgniter.php(328): CodeIgniter\Events\Events::trigger('pre_system')
 6 FCPATH\index.php(55): CodeIgniter\CodeIgniter->run()
CRITICAL - 2022-06-19 09:22:22 --> Cannot modify header information - headers already sent by (output started at C:\xampp\htdocs\Lab11\ci4\app\Config\Events.php:32)
in SYSTEMPATH\Debug\Toolbar.php on line 447.
 1 [internal function]: CodeIgniter\Debug\Exceptions->errorHandler(2, 'Cannot modify header information - headers already sent by (output started at C:\\xampp\\htdocs\\Lab11\\ci4\\app\\Config\\Events.php:32)', 'SYSTEMPATH\\Debug\\Toolbar.php', 447)
 2 SYSTEMPATH\Debug\Toolbar.php(447): header('Content-Type: application/javascript')
 3 APPPATH\Config\Events.php(46): CodeIgniter\Debug\Toolbar->respond()
 4 SYSTEMPATH\Events\Events.php(149): CodeIgniter\Events\Events::Config\{closure}()
 5 SYSTEMPATH\CodeIgniter.php(328): CodeIgniter\Events\Events::trigger('pre_system')
 6 FCPATH\index.php(55): CodeIgniter\CodeIgniter->run()
CRITICAL - 2022-06-19 09:34:50 --> Cannot modify header information - headers already sent by (output started at C:\xampp\htdocs\Lab11\ci4\app\Config\Events.php:32)
in SYSTEMPATH\Debug\Toolbar.php on line 447.
 1 [internal function]: CodeIgniter\Debug\Exceptions->errorHandler(2, 'Cannot modify header information - headers already sent by (output started at C:\\xampp\\htdocs\\Lab11\\ci4\\app\\Config\\Events.php:32)', 'SYSTEMPATH\\Debug\\Toolbar.php', 447)
 2 SYSTEMPATH\Debug\Toolbar.php(447): header('Content-Type: application/javascript')
 3 APPPATH\Config\Events.php(46): CodeIgniter\Debug\Toolbar->respond()
 4 SYSTEMPATH\Events\Events.php(149): CodeIgniter\Events\Events::Config\{closure}()
 5 SYSTEMPATH\CodeIgniter.php(328): CodeIgniter\Events\Events::trigger('pre_system')
 6 FCPATH\index.php(55): CodeIgniter\CodeIgniter->run()
CRITICAL - 2022-06-19 09:36:57 --> Cannot modify header information - headers already sent by (output started at C:\xampp\htdocs\Lab11\ci4\app\Config\Events.php:32)
in SYSTEMPATH\Debug\Toolbar.php on line 447.
 1 [internal function]: CodeIgniter\Debug\Exceptions->errorHandler(2, 'Cannot modify header information - headers already sent by (output started at C:\\xampp\\htdocs\\Lab11\\ci4\\app\\Config\\Events.php:32)', 'SYSTEMPATH\\Debug\\Toolbar.php', 447)
 2 SYSTEMPATH\Debug\Toolbar.php(447): header('Content-Type: application/javascript')
 3 APPPATH\Config\Events.php(46): CodeIgniter\Debug\Toolbar->respond()
 4 SYSTEMPATH\Events\Events.php(149): CodeIgniter\Events\Events::Config\{closure}()
 5 SYSTEMPATH\CodeIgniter.php(328): CodeIgniter\Events\Events::trigger('pre_system')
 6 FCPATH\index.php(55): CodeIgniter\CodeIgniter->run()
CRITICAL - 2022-06-19 09:37:01 --> Cannot modify header information - headers already sent by (output started at C:\xampp\htdocs\Lab11\ci4\app\Config\Events.php:32)
in SYSTEMPATH\Debug\Toolbar.php on line 447.
 1 [internal function]: CodeIgniter\Debug\Exceptions->errorHandler(2, 'Cannot modify header information - headers already sent by (output started at C:\\xampp\\htdocs\\Lab11\\ci4\\app\\Config\\Events.php:32)', 'SYSTEMPATH\\Debug\\Toolbar.php', 447)
 2 SYSTEMPATH\Debug\Toolbar.php(447): header('Content-Type: application/javascript')
 3 APPPATH\Config\Events.php(46): CodeIgniter\Debug\Toolbar->respond()
 4 SYSTEMPATH\Events\Events.php(149): CodeIgniter\Events\Events::Config\{closure}()
 5 SYSTEMPATH\CodeIgniter.php(328): CodeIgniter\Events\Events::trigger('pre_system')
 6 FCPATH\index.php(55): CodeIgniter\CodeIgniter->run()
CRITICAL - 2022-06-19 09:40:19 --> Cannot modify header information - headers already sent by (output started at C:\xampp\htdocs\Lab11\ci4\app\Config\Events.php:32)
in SYSTEMPATH\Debug\Toolbar.php on line 447.
 1 [internal function]: CodeIgniter\Debug\Exceptions->errorHandler(2, 'Cannot modify header information - headers already sent by (output started at C:\\xampp\\htdocs\\Lab11\\ci4\\app\\Config\\Events.php:32)', 'SYSTEMPATH\\Debug\\Toolbar.php', 447)
 2 SYSTEMPATH\Debug\Toolbar.php(447): header('Content-Type: application/javascript')
 3 APPPATH\Config\Events.php(46): CodeIgniter\Debug\Toolbar->respond()
 4 SYSTEMPATH\Events\Events.php(149): CodeIgniter\Events\Events::Config\{closure}()
 5 SYSTEMPATH\CodeIgniter.php(328): CodeIgniter\Events\Events::trigger('pre_system')
 6 FCPATH\index.php(55): CodeIgniter\CodeIgniter->run()
CRITICAL - 2022-06-19 09:40:22 --> Invalid file: template/header.php
in SYSTEMPATH\Exceptions\FrameworkException.php on line 33.
 1 SYSTEMPATH\View\View.php(201): CodeIgniter\Exceptions\FrameworkException::forInvalidFile('template/header.php')
 2 SYSTEMPATH\View\View.php(429): CodeIgniter\View\View->render('template/header', null, true)
 3 APPPATH\Views\artikel\detail.php(1): CodeIgniter\View\View->include('template/header')
 4 SYSTEMPATH\View\View.php(213): include('APPPATH\\Views\\artikel\\detail.php')
 5 SYSTEMPATH\View\View.php(216): CodeIgniter\View\View->CodeIgniter\View\{closure}()
 6 SYSTEMPATH\Common.php(1135): CodeIgniter\View\View->render('artikel/detail', [], true)
 7 APPPATH\Controllers\Artikel.php(29): view('artikel/detail', [...])
 8 SYSTEMPATH\CodeIgniter.php(898): App\Controllers\Artikel->view('artikel-pertama')
 9 SYSTEMPATH\CodeIgniter.php(468): CodeIgniter\CodeIgniter->runController(Object(App\Controllers\Artikel))
10 SYSTEMPATH\CodeIgniter.php(351): CodeIgniter\CodeIgniter->handleRequest(null, Object(Config\Cache), false)
11 FCPATH\index.php(55): CodeIgniter\CodeIgniter->run()
12 SYSTEMPATH\Commands\Server\rewrite.php(43): require_once('FCPATH\\index.php')
CRITICAL - 2022-06-19 09:40:54 --> Undefined variable $row
in APPPATH\Views\artikel\detail.php on line 5.
 1 APPPATH\Views\artikel\detail.php(5): CodeIgniter\Debug\Exceptions->errorHandler(2, 'Undefined variable $row', 'APPPATH\\Views\\artikel\\detail.php', 5)
 2 SYSTEMPATH\View\View.php(213): include('APPPATH\\Views\\artikel\\detail.php')
 3 SYSTEMPATH\View\View.php(216): CodeIgniter\View\View->CodeIgniter\View\{closure}()
 4 SYSTEMPATH\Common.php(1135): CodeIgniter\View\View->render('artikel/detail', [], true)
 5 APPPATH\Controllers\Artikel.php(29): view('artikel/detail', [...])
 6 SYSTEMPATH\CodeIgniter.php(898): App\Controllers\Artikel->view('artikel-pertama')
 7 SYSTEMPATH\CodeIgniter.php(468): CodeIgniter\CodeIgniter->runController(Object(App\Controllers\Artikel))
 8 SYSTEMPATH\CodeIgniter.php(351): CodeIgniter\CodeIgniter->handleRequest(null, Object(Config\Cache), false)
 9 FCPATH\index.php(55): CodeIgniter\CodeIgniter->run()
10 SYSTEMPATH\Commands\Server\rewrite.php(43): require_once('FCPATH\\index.php')
CRITICAL - 2022-06-19 09:41:52 --> Cannot modify header information - headers already sent by (output started at C:\xampp\htdocs\Lab11\ci4\app\Config\Events.php:32)
in SYSTEMPATH\Debug\Toolbar.php on line 447.
 1 [internal function]: CodeIgniter\Debug\Exceptions->errorHandler(2, 'Cannot modify header information - headers already sent by (output started at C:\\xampp\\htdocs\\Lab11\\ci4\\app\\Config\\Events.php:32)', 'SYSTEMPATH\\Debug\\Toolbar.php', 447)
 2 SYSTEMPATH\Debug\Toolbar.php(447): header('Content-Type: application/javascript')
 3 APPPATH\Config\Events.php(46): CodeIgniter\Debug\Toolbar->respond()
 4 SYSTEMPATH\Events\Events.php(149): CodeIgniter\Events\Events::Config\{closure}()
 5 SYSTEMPATH\CodeIgniter.php(328): CodeIgniter\Events\Events::trigger('pre_system')
 6 FCPATH\index.php(55): CodeIgniter\CodeIgniter->run()
CRITICAL - 2022-06-19 09:41:56 --> Cannot modify header information - headers already sent by (output started at C:\xampp\htdocs\Lab11\ci4\app\Config\Events.php:32)
in SYSTEMPATH\Debug\Toolbar.php on line 447.
 1 [internal function]: CodeIgniter\Debug\Exceptions->errorHandler(2, 'Cannot modify header information - headers already sent by (output started at C:\\xampp\\htdocs\\Lab11\\ci4\\app\\Config\\Events.php:32)', 'SYSTEMPATH\\Debug\\Toolbar.php', 447)
 2 SYSTEMPATH\Debug\Toolbar.php(447): header('Content-Type: application/javascript')
 3 APPPATH\Config\Events.php(46): CodeIgniter\Debug\Toolbar->respond()
 4 SYSTEMPATH\Events\Events.php(149): CodeIgniter\Events\Events::Config\{closure}()
 5 SYSTEMPATH\CodeIgniter.php(328): CodeIgniter\Events\Events::trigger('pre_system')
 6 FCPATH\index.php(55): CodeIgniter\CodeIgniter->run()
CRITICAL - 2022-06-19 09:41:58 --> Cannot modify header information - headers already sent by (output started at C:\xampp\htdocs\Lab11\ci4\app\Config\Events.php:32)
in SYSTEMPATH\Debug\Toolbar.php on line 447.
 1 [internal function]: CodeIgniter\Debug\Exceptions->errorHandler(2, 'Cannot modify header information - headers already sent by (output started at C:\\xampp\\htdocs\\Lab11\\ci4\\app\\Config\\Events.php:32)', 'SYSTEMPATH\\Debug\\Toolbar.php', 447)
 2 SYSTEMPATH\Debug\Toolbar.php(447): header('Content-Type: application/javascript')
 3 APPPATH\Config\Events.php(46): CodeIgniter\Debug\Toolbar->respond()
 4 SYSTEMPATH\Events\Events.php(149): CodeIgniter\Events\Events::Config\{closure}()
 5 SYSTEMPATH\CodeIgniter.php(328): CodeIgniter\Events\Events::trigger('pre_system')
 6 FCPATH\index.php(55): CodeIgniter\CodeIgniter->run()
CRITICAL - 2022-06-19 09:42:19 --> Cannot modify header information - headers already sent by (output started at C:\xampp\htdocs\Lab11\ci4\app\Config\Events.php:32)
in SYSTEMPATH\Debug\Toolbar.php on line 447.
 1 [internal function]: CodeIgniter\Debug\Exceptions->errorHandler(2, 'Cannot modify header information - headers already sent by (output started at C:\\xampp\\htdocs\\Lab11\\ci4\\app\\Config\\Events.php:32)', 'SYSTEMPATH\\Debug\\Toolbar.php', 447)
 2 SYSTEMPATH\Debug\Toolbar.php(447): header('Content-Type: application/javascript')
 3 APPPATH\Config\Events.php(46): CodeIgniter\Debug\Toolbar->respond()
 4 SYSTEMPATH\Events\Events.php(149): CodeIgniter\Events\Events::Config\{closure}()
 5 SYSTEMPATH\CodeIgniter.php(328): CodeIgniter\Events\Events::trigger('pre_system')
 6 FCPATH\index.php(55): CodeIgniter\CodeIgniter->run()
CRITICAL - 2022-06-19 09:42:24 --> Cannot modify header information - headers already sent by (output started at C:\xampp\htdocs\Lab11\ci4\app\Config\Events.php:32)
in SYSTEMPATH\Debug\Toolbar.php on line 447.
 1 [internal function]: CodeIgniter\Debug\Exceptions->errorHandler(2, 'Cannot modify header information - headers already sent by (output started at C:\\xampp\\htdocs\\Lab11\\ci4\\app\\Config\\Events.php:32)', 'SYSTEMPATH\\Debug\\Toolbar.php', 447)
 2 SYSTEMPATH\Debug\Toolbar.php(447): header('Content-Type: application/javascript')
 3 APPPATH\Config\Events.php(46): CodeIgniter\Debug\Toolbar->respond()
 4 SYSTEMPATH\Events\Events.php(149): CodeIgniter\Events\Events::Config\{closure}()
 5 SYSTEMPATH\CodeIgniter.php(328): CodeIgniter\Events\Events::trigger('pre_system')
 6 FCPATH\index.php(55): CodeIgniter\CodeIgniter->run()
CRITICAL - 2022-06-19 09:42:25 --> Cannot modify header information - headers already sent by (output started at C:\xampp\htdocs\Lab11\ci4\app\Config\Events.php:32)
in SYSTEMPATH\Debug\Toolbar.php on line 447.
 1 [internal function]: CodeIgniter\Debug\Exceptions->errorHandler(2, 'Cannot modify header information - headers already sent by (output started at C:\\xampp\\htdocs\\Lab11\\ci4\\app\\Config\\Events.php:32)', 'SYSTEMPATH\\Debug\\Toolbar.php', 447)
 2 SYSTEMPATH\Debug\Toolbar.php(447): header('Content-Type: application/javascript')
 3 APPPATH\Config\Events.php(46): CodeIgniter\Debug\Toolbar->respond()
 4 SYSTEMPATH\Events\Events.php(149): CodeIgniter\Events\Events::Config\{closure}()
 5 SYSTEMPATH\CodeIgniter.php(328): CodeIgniter\Events\Events::trigger('pre_system')
 6 FCPATH\index.php(55): CodeIgniter\CodeIgniter->run()
CRITICAL - 2022-06-19 09:50:08 --> Invalid file: template/admin_header.php
in SYSTEMPATH\Exceptions\FrameworkException.php on line 33.
 1 SYSTEMPATH\View\View.php(201): CodeIgniter\Exceptions\FrameworkException::forInvalidFile('template/admin_header.php')
 2 SYSTEMPATH\View\View.php(429): CodeIgniter\View\View->render('template/admin_header', null, true)
 3 APPPATH\Views\artikel\admin_index.php(1): CodeIgniter\View\View->include('template/admin_header')
 4 SYSTEMPATH\View\View.php(213): include('APPPATH\\Views\\artikel\\admin_index.php')
 5 SYSTEMPATH\View\View.php(216): CodeIgniter\View\View->CodeIgniter\View\{closure}()
 6 SYSTEMPATH\Common.php(1135): CodeIgniter\View\View->render('artikel/admin_index', [], true)
 7 APPPATH\Controllers\Artikel.php(40): view('artikel/admin_index', [...])
 8 SYSTEMPATH\CodeIgniter.php(898): App\Controllers\Artikel->admin_index()
 9 SYSTEMPATH\CodeIgniter.php(468): CodeIgniter\CodeIgniter->runController(Object(App\Controllers\Artikel))
10 SYSTEMPATH\CodeIgniter.php(351): CodeIgniter\CodeIgniter->handleRequest(null, Object(Config\Cache), false)
11 FCPATH\index.php(55): CodeIgniter\CodeIgniter->run()
12 SYSTEMPATH\Commands\Server\rewrite.php(43): require_once('FCPATH\\index.php')
CRITICAL - 2022-06-19 09:51:08 --> Invalid file: tamplate/admin_header.php
in SYSTEMPATH\Exceptions\FrameworkException.php on line 33.
 1 SYSTEMPATH\View\View.php(201): CodeIgniter\Exceptions\FrameworkException::forInvalidFile('tamplate/admin_header.php')
 2 SYSTEMPATH\View\View.php(429): CodeIgniter\View\View->render('tamplate/admin_header', null, true)
 3 APPPATH\Views\artikel\admin_index.php(1): CodeIgniter\View\View->include('tamplate/admin_header')
 4 SYSTEMPATH\View\View.php(213): include('APPPATH\\Views\\artikel\\admin_index.php')
 5 SYSTEMPATH\View\View.php(216): CodeIgniter\View\View->CodeIgniter\View\{closure}()
 6 SYSTEMPATH\Common.php(1135): CodeIgniter\View\View->render('artikel/admin_index', [], true)
 7 APPPATH\Controllers\Artikel.php(40): view('artikel/admin_index', [...])
 8 SYSTEMPATH\CodeIgniter.php(898): App\Controllers\Artikel->admin_index()
 9 SYSTEMPATH\CodeIgniter.php(468): CodeIgniter\CodeIgniter->runController(Object(App\Controllers\Artikel))
10 SYSTEMPATH\CodeIgniter.php(351): CodeIgniter\CodeIgniter->handleRequest(null, Object(Config\Cache), false)
11 FCPATH\index.php(55): CodeIgniter\CodeIgniter->run()
12 SYSTEMPATH\Commands\Server\rewrite.php(43): require_once('FCPATH\\index.php')
CRITICAL - 2022-06-19 09:55:36 --> Cannot modify header information - headers already sent by (output started at C:\xampp\htdocs\Lab11\ci4\app\Config\Events.php:32)
in SYSTEMPATH\Debug\Toolbar.php on line 447.
 1 [internal function]: CodeIgniter\Debug\Exceptions->errorHandler(2, 'Cannot modify header information - headers already sent by (output started at C:\\xampp\\htdocs\\Lab11\\ci4\\app\\Config\\Events.php:32)', 'SYSTEMPATH\\Debug\\Toolbar.php', 447)
 2 SYSTEMPATH\Debug\Toolbar.php(447): header('Content-Type: application/javascript')
 3 APPPATH\Config\Events.php(46): CodeIgniter\Debug\Toolbar->respond()
 4 SYSTEMPATH\Events\Events.php(149): CodeIgniter\Events\Events::Config\{closure}()
 5 SYSTEMPATH\CodeIgniter.php(328): CodeIgniter\Events\Events::trigger('pre_system')
 6 FCPATH\index.php(55): CodeIgniter\CodeIgniter->run()
CRITICAL - 2022-06-19 09:58:28 --> Cannot modify header information - headers already sent by (output started at C:\xampp\htdocs\Lab11\ci4\app\Config\Events.php:32)
in SYSTEMPATH\Debug\Toolbar.php on line 447.
 1 [internal function]: CodeIgniter\Debug\Exceptions->errorHandler(2, 'Cannot modify header information - headers already sent by (output started at C:\\xampp\\htdocs\\Lab11\\ci4\\app\\Config\\Events.php:32)', 'SYSTEMPATH\\Debug\\Toolbar.php', 447)
 2 SYSTEMPATH\Debug\Toolbar.php(447): header('Content-Type: application/javascript')
 3 APPPATH\Config\Events.php(46): CodeIgniter\Debug\Toolbar->respond()
 4 SYSTEMPATH\Events\Events.php(149): CodeIgniter\Events\Events::Config\{closure}()
 5 SYSTEMPATH\CodeIgniter.php(328): CodeIgniter\Events\Events::trigger('pre_system')
 6 FCPATH\index.php(55): CodeIgniter\CodeIgniter->run()
CRITICAL - 2022-06-19 09:58:33 --> Cannot modify header information - headers already sent by (output started at C:\xampp\htdocs\Lab11\ci4\app\Config\Events.php:32)
in SYSTEMPATH\Debug\Toolbar.php on line 447.
 1 [internal function]: CodeIgniter\Debug\Exceptions->errorHandler(2, 'Cannot modify header information - headers already sent by (output started at C:\\xampp\\htdocs\\Lab11\\ci4\\app\\Config\\Events.php:32)', 'SYSTEMPATH\\Debug\\Toolbar.php', 447)
 2 SYSTEMPATH\Debug\Toolbar.php(447): header('Content-Type: application/javascript')
 3 APPPATH\Config\Events.php(46): CodeIgniter\Debug\Toolbar->respond()
 4 SYSTEMPATH\Events\Events.php(149): CodeIgniter\Events\Events::Config\{closure}()
 5 SYSTEMPATH\CodeIgniter.php(328): CodeIgniter\Events\Events::trigger('pre_system')
 6 FCPATH\index.php(55): CodeIgniter\CodeIgniter->run()
CRITICAL - 2022-06-19 09:59:05 --> Cannot modify header information - headers already sent by (output started at C:\xampp\htdocs\Lab11\ci4\app\Config\Events.php:32)
in SYSTEMPATH\Debug\Toolbar.php on line 447.
 1 [internal function]: CodeIgniter\Debug\Exceptions->errorHandler(2, 'Cannot modify header information - headers already sent by (output started at C:\\xampp\\htdocs\\Lab11\\ci4\\app\\Config\\Events.php:32)', 'SYSTEMPATH\\Debug\\Toolbar.php', 447)
 2 SYSTEMPATH\Debug\Toolbar.php(447): header('Content-Type: application/javascript')
 3 APPPATH\Config\Events.php(46): CodeIgniter\Debug\Toolbar->respond()
 4 SYSTEMPATH\Events\Events.php(149): CodeIgniter\Events\Events::Config\{closure}()
 5 SYSTEMPATH\CodeIgniter.php(328): CodeIgniter\Events\Events::trigger('pre_system')
 6 FCPATH\index.php(55): CodeIgniter\CodeIgniter->run()
CRITICAL - 2022-06-19 09:59:19 --> Cannot modify header information - headers already sent by (output started at C:\xampp\htdocs\Lab11\ci4\app\Config\Events.php:32)
in SYSTEMPATH\Debug\Toolbar.php on line 447.
 1 [internal function]: CodeIgniter\Debug\Exceptions->errorHandler(2, 'Cannot modify header information - headers already sent by (output started at C:\\xampp\\htdocs\\Lab11\\ci4\\app\\Config\\Events.php:32)', 'SYSTEMPATH\\Debug\\Toolbar.php', 447)
 2 SYSTEMPATH\Debug\Toolbar.php(447): header('Content-Type: application/javascript')
 3 APPPATH\Config\Events.php(46): CodeIgniter\Debug\Toolbar->respond()
 4 SYSTEMPATH\Events\Events.php(149): CodeIgniter\Events\Events::Config\{closure}()
 5 SYSTEMPATH\CodeIgniter.php(328): CodeIgniter\Events\Events::trigger('pre_system')
 6 FCPATH\index.php(55): CodeIgniter\CodeIgniter->run()
CRITICAL - 2022-06-19 10:03:05 --> Cannot modify header information - headers already sent by (output started at C:\xampp\htdocs\Lab11\ci4\app\Config\Events.php:32)
in SYSTEMPATH\Debug\Toolbar.php on line 447.
 1 [internal function]: CodeIgniter\Debug\Exceptions->errorHandler(2, 'Cannot modify header information - headers already sent by (output started at C:\\xampp\\htdocs\\Lab11\\ci4\\app\\Config\\Events.php:32)', 'SYSTEMPATH\\Debug\\Toolbar.php', 447)
 2 SYSTEMPATH\Debug\Toolbar.php(447): header('Content-Type: application/javascript')
 3 APPPATH\Config\Events.php(46): CodeIgniter\Debug\Toolbar->respond()
 4 SYSTEMPATH\Events\Events.php(149): CodeIgniter\Events\Events::Config\{closure}()
 5 SYSTEMPATH\CodeIgniter.php(328): CodeIgniter\Events\Events::trigger('pre_system')
 6 FCPATH\index.php(55): CodeIgniter\CodeIgniter->run()
CRITICAL - 2022-06-19 10:03:08 --> Cannot modify header information - headers already sent by (output started at C:\xampp\htdocs\Lab11\ci4\app\Config\Events.php:32)
in SYSTEMPATH\Debug\Toolbar.php on line 447.
 1 [internal function]: CodeIgniter\Debug\Exceptions->errorHandler(2, 'Cannot modify header information - headers already sent by (output started at C:\\xampp\\htdocs\\Lab11\\ci4\\app\\Config\\Events.php:32)', 'SYSTEMPATH\\Debug\\Toolbar.php', 447)
 2 SYSTEMPATH\Debug\Toolbar.php(447): header('Content-Type: application/javascript')
 3 APPPATH\Config\Events.php(46): CodeIgniter\Debug\Toolbar->respond()
 4 SYSTEMPATH\Events\Events.php(149): CodeIgniter\Events\Events::Config\{closure}()
 5 SYSTEMPATH\CodeIgniter.php(328): CodeIgniter\Events\Events::trigger('pre_system')
 6 FCPATH\index.php(55): CodeIgniter\CodeIgniter->run()
CRITICAL - 2022-06-19 10:03:14 --> Cannot modify header information - headers already sent by (output started at C:\xampp\htdocs\Lab11\ci4\app\Config\Events.php:32)
in SYSTEMPATH\Debug\Toolbar.php on line 447.
 1 [internal function]: CodeIgniter\Debug\Exceptions->errorHandler(2, 'Cannot modify header information - headers already sent by (output started at C:\\xampp\\htdocs\\Lab11\\ci4\\app\\Config\\Events.php:32)', 'SYSTEMPATH\\Debug\\Toolbar.php', 447)
 2 SYSTEMPATH\Debug\Toolbar.php(447): header('Content-Type: application/javascript')
 3 APPPATH\Config\Events.php(46): CodeIgniter\Debug\Toolbar->respond()
 4 SYSTEMPATH\Events\Events.php(149): CodeIgniter\Events\Events::Config\{closure}()
 5 SYSTEMPATH\CodeIgniter.php(328): CodeIgniter\Events\Events::trigger('pre_system')
 6 FCPATH\index.php(55): CodeIgniter\CodeIgniter->run()
CRITICAL - 2022-06-19 10:03:20 --> Cannot modify header information - headers already sent by (output started at C:\xampp\htdocs\Lab11\ci4\app\Config\Events.php:32)
in SYSTEMPATH\Debug\Toolbar.php on line 447.
 1 [internal function]: CodeIgniter\Debug\Exceptions->errorHandler(2, 'Cannot modify header information - headers already sent by (output started at C:\\xampp\\htdocs\\Lab11\\ci4\\app\\Config\\Events.php:32)', 'SYSTEMPATH\\Debug\\Toolbar.php', 447)
 2 SYSTEMPATH\Debug\Toolbar.php(447): header('Content-Type: application/javascript')
 3 APPPATH\Config\Events.php(46): CodeIgniter\Debug\Toolbar->respond()
 4 SYSTEMPATH\Events\Events.php(149): CodeIgniter\Events\Events::Config\{closure}()
 5 SYSTEMPATH\CodeIgniter.php(328): CodeIgniter\Events\Events::trigger('pre_system')
 6 FCPATH\index.php(55): CodeIgniter\CodeIgniter->run()
CRITICAL - 2022-06-19 10:03:38 --> Cannot modify header information - headers already sent by (output started at C:\xampp\htdocs\Lab11\ci4\app\Config\Events.php:32)
in SYSTEMPATH\Debug\Toolbar.php on line 447.
 1 [internal function]: CodeIgniter\Debug\Exceptions->errorHandler(2, 'Cannot modify header information - headers already sent by (output started at C:\\xampp\\htdocs\\Lab11\\ci4\\app\\Config\\Events.php:32)', 'SYSTEMPATH\\Debug\\Toolbar.php', 447)
 2 SYSTEMPATH\Debug\Toolbar.php(447): header('Content-Type: application/javascript')
 3 APPPATH\Config\Events.php(46): CodeIgniter\Debug\Toolbar->respond()
 4 SYSTEMPATH\Events\Events.php(149): CodeIgniter\Events\Events::Config\{closure}()
 5 SYSTEMPATH\CodeIgniter.php(328): CodeIgniter\Events\Events::trigger('pre_system')
 6 FCPATH\index.php(55): CodeIgniter\CodeIgniter->run()
CRITICAL - 2022-06-19 10:03:47 --> Cannot modify header information - headers already sent by (output started at C:\xampp\htdocs\Lab11\ci4\app\Config\Events.php:32)
in SYSTEMPATH\Debug\Toolbar.php on line 447.
 1 [internal function]: CodeIgniter\Debug\Exceptions->errorHandler(2, 'Cannot modify header information - headers already sent by (output started at C:\\xampp\\htdocs\\Lab11\\ci4\\app\\Config\\Events.php:32)', 'SYSTEMPATH\\Debug\\Toolbar.php', 447)
 2 SYSTEMPATH\Debug\Toolbar.php(447): header('Content-Type: application/javascript')
 3 APPPATH\Config\Events.php(46): CodeIgniter\Debug\Toolbar->respond()
 4 SYSTEMPATH\Events\Events.php(149): CodeIgniter\Events\Events::Config\{closure}()
 5 SYSTEMPATH\CodeIgniter.php(328): CodeIgniter\Events\Events::trigger('pre_system')
 6 FCPATH\index.php(55): CodeIgniter\CodeIgniter->run()
CRITICAL - 2022-06-19 10:03:51 --> Cannot modify header information - headers already sent by (output started at C:\xampp\htdocs\Lab11\ci4\app\Config\Events.php:32)
in SYSTEMPATH\Debug\Toolbar.php on line 447.
 1 [internal function]: CodeIgniter\Debug\Exceptions->errorHandler(2, 'Cannot modify header information - headers already sent by (output started at C:\\xampp\\htdocs\\Lab11\\ci4\\app\\Config\\Events.php:32)', 'SYSTEMPATH\\Debug\\Toolbar.php', 447)
 2 SYSTEMPATH\Debug\Toolbar.php(447): header('Content-Type: application/javascript')
 3 APPPATH\Config\Events.php(46): CodeIgniter\Debug\Toolbar->respond()
 4 SYSTEMPATH\Events\Events.php(149): CodeIgniter\Events\Events::Config\{closure}()
 5 SYSTEMPATH\CodeIgniter.php(328): CodeIgniter\Events\Events::trigger('pre_system')
 6 FCPATH\index.php(55): CodeIgniter\CodeIgniter->run()
CRITICAL - 2022-06-19 10:05:43 --> Cannot modify header information - headers already sent by (output started at C:\xampp\htdocs\Lab11\ci4\app\Config\Events.php:32)
in SYSTEMPATH\Debug\Toolbar.php on line 447.
 1 [internal function]: CodeIgniter\Debug\Exceptions->errorHandler(2, 'Cannot modify header information - headers already sent by (output started at C:\\xampp\\htdocs\\Lab11\\ci4\\app\\Config\\Events.php:32)', 'SYSTEMPATH\\Debug\\Toolbar.php', 447)
 2 SYSTEMPATH\Debug\Toolbar.php(447): header('Content-Type: application/javascript')
 3 APPPATH\Config\Events.php(46): CodeIgniter\Debug\Toolbar->respond()
 4 SYSTEMPATH\Events\Events.php(149): CodeIgniter\Events\Events::Config\{closure}()
 5 SYSTEMPATH\CodeIgniter.php(328): CodeIgniter\Events\Events::trigger('pre_system')
 6 FCPATH\index.php(55): CodeIgniter\CodeIgniter->run()
CRITICAL - 2022-06-19 10:05:48 --> Cannot modify header information - headers already sent by (output started at C:\xampp\htdocs\Lab11\ci4\app\Config\Events.php:32)
in SYSTEMPATH\Debug\Toolbar.php on line 447.
 1 [internal function]: CodeIgniter\Debug\Exceptions->errorHandler(2, 'Cannot modify header information - headers already sent by (output started at C:\\xampp\\htdocs\\Lab11\\ci4\\app\\Config\\Events.php:32)', 'SYSTEMPATH\\Debug\\Toolbar.php', 447)
 2 SYSTEMPATH\Debug\Toolbar.php(447): header('Content-Type: application/javascript')
 3 APPPATH\Config\Events.php(46): CodeIgniter\Debug\Toolbar->respond()
 4 SYSTEMPATH\Events\Events.php(149): CodeIgniter\Events\Events::Config\{closure}()
 5 SYSTEMPATH\CodeIgniter.php(328): CodeIgniter\Events\Events::trigger('pre_system')
 6 FCPATH\index.php(55): CodeIgniter\CodeIgniter->run()
CRITICAL - 2022-06-19 10:05:57 --> Cannot modify header information - headers already sent by (output started at C:\xampp\htdocs\Lab11\ci4\app\Config\Events.php:32)
in SYSTEMPATH\Debug\Toolbar.php on line 447.
 1 [internal function]: CodeIgniter\Debug\Exceptions->errorHandler(2, 'Cannot modify header information - headers already sent by (output started at C:\\xampp\\htdocs\\Lab11\\ci4\\app\\Config\\Events.php:32)', 'SYSTEMPATH\\Debug\\Toolbar.php', 447)
 2 SYSTEMPATH\Debug\Toolbar.php(447): header('Content-Type: application/javascript')
 3 APPPATH\Config\Events.php(46): CodeIgniter\Debug\Toolbar->respond()
 4 SYSTEMPATH\Events\Events.php(149): CodeIgniter\Events\Events::Config\{closure}()
 5 SYSTEMPATH\CodeIgniter.php(328): CodeIgniter\Events\Events::trigger('pre_system')
 6 FCPATH\index.php(55): CodeIgniter\CodeIgniter->run()
CRITICAL - 2022-06-19 10:23:23 --> Cannot modify header information - headers already sent by (output started at C:\xampp\htdocs\Lab11\ci4\app\Config\Events.php:32)
in SYSTEMPATH\Debug\Toolbar.php on line 447.
 1 [internal function]: CodeIgniter\Debug\Exceptions->errorHandler(2, 'Cannot modify header information - headers already sent by (output started at C:\\xampp\\htdocs\\Lab11\\ci4\\app\\Config\\Events.php:32)', 'SYSTEMPATH\\Debug\\Toolbar.php', 447)
 2 SYSTEMPATH\Debug\Toolbar.php(447): header('Content-Type: application/javascript')
 3 APPPATH\Config\Events.php(46): CodeIgniter\Debug\Toolbar->respond()
 4 SYSTEMPATH\Events\Events.php(149): CodeIgniter\Events\Events::Config\{closure}()
 5 SYSTEMPATH\CodeIgniter.php(328): CodeIgniter\Events\Events::trigger('pre_system')
 6 FCPATH\index.php(55): CodeIgniter\CodeIgniter->run()
CRITICAL - 2022-06-19 10:23:25 --> Cannot modify header information - headers already sent by (output started at C:\xampp\htdocs\Lab11\ci4\app\Config\Events.php:32)
in SYSTEMPATH\Debug\Toolbar.php on line 447.
 1 [internal function]: CodeIgniter\Debug\Exceptions->errorHandler(2, 'Cannot modify header information - headers already sent by (output started at C:\\xampp\\htdocs\\Lab11\\ci4\\app\\Config\\Events.php:32)', 'SYSTEMPATH\\Debug\\Toolbar.php', 447)
 2 SYSTEMPATH\Debug\Toolbar.php(447): header('Content-Type: application/javascript')
 3 APPPATH\Config\Events.php(46): CodeIgniter\Debug\Toolbar->respond()
 4 SYSTEMPATH\Events\Events.php(149): CodeIgniter\Events\Events::Config\{closure}()
 5 SYSTEMPATH\CodeIgniter.php(328): CodeIgniter\Events\Events::trigger('pre_system')
 6 FCPATH\index.php(55): CodeIgniter\CodeIgniter->run()
CRITICAL - 2022-06-19 10:24:45 --> Cannot modify header information - headers already sent by (output started at C:\xampp\htdocs\Lab11\ci4\app\Config\Events.php:32)
in SYSTEMPATH\Debug\Toolbar.php on line 447.
 1 [internal function]: CodeIgniter\Debug\Exceptions->errorHandler(2, 'Cannot modify header information - headers already sent by (output started at C:\\xampp\\htdocs\\Lab11\\ci4\\app\\Config\\Events.php:32)', 'SYSTEMPATH\\Debug\\Toolbar.php', 447)
 2 SYSTEMPATH\Debug\Toolbar.php(447): header('Content-Type: application/javascript')
 3 APPPATH\Config\Events.php(46): CodeIgniter\Debug\Toolbar->respond()
 4 SYSTEMPATH\Events\Events.php(149): CodeIgniter\Events\Events::Config\{closure}()
 5 SYSTEMPATH\CodeIgniter.php(328): CodeIgniter\Events\Events::trigger('pre_system')
 6 FCPATH\index.php(55): CodeIgniter\CodeIgniter->run()
CRITICAL - 2022-06-19 10:28:26 --> Cannot modify header information - headers already sent by (output started at C:\xampp\htdocs\Lab11\ci4\app\Config\Events.php:32)
in SYSTEMPATH\Debug\Toolbar.php on line 447.
 1 [internal function]: CodeIgniter\Debug\Exceptions->errorHandler(2, 'Cannot modify header information - headers already sent by (output started at C:\\xampp\\htdocs\\Lab11\\ci4\\app\\Config\\Events.php:32)', 'SYSTEMPATH\\Debug\\Toolbar.php', 447)
 2 SYSTEMPATH\Debug\Toolbar.php(447): header('Content-Type: application/javascript')
 3 APPPATH\Config\Events.php(46): CodeIgniter\Debug\Toolbar->respond()
 4 SYSTEMPATH\Events\Events.php(149): CodeIgniter\Events\Events::Config\{closure}()
 5 SYSTEMPATH\CodeIgniter.php(328): CodeIgniter\Events\Events::trigger('pre_system')
 6 FCPATH\index.php(55): CodeIgniter\CodeIgniter->run()
CRITICAL - 2022-06-19 10:28:30 --> Cannot modify header information - headers already sent by (output started at C:\xampp\htdocs\Lab11\ci4\app\Config\Events.php:32)
in SYSTEMPATH\Debug\Toolbar.php on line 447.
 1 [internal function]: CodeIgniter\Debug\Exceptions->errorHandler(2, 'Cannot modify header information - headers already sent by (output started at C:\\xampp\\htdocs\\Lab11\\ci4\\app\\Config\\Events.php:32)', 'SYSTEMPATH\\Debug\\Toolbar.php', 447)
 2 SYSTEMPATH\Debug\Toolbar.php(447): header('Content-Type: application/javascript')
 3 APPPATH\Config\Events.php(46): CodeIgniter\Debug\Toolbar->respond()
 4 SYSTEMPATH\Events\Events.php(149): CodeIgniter\Events\Events::Config\{closure}()
 5 SYSTEMPATH\CodeIgniter.php(328): CodeIgniter\Events\Events::trigger('pre_system')
 6 FCPATH\index.php(55): CodeIgniter\CodeIgniter->run()
CRITICAL - 2022-06-19 10:32:20 --> Cannot modify header information - headers already sent by (output started at C:\xampp\htdocs\Lab11\ci4\app\Config\Events.php:32)
in SYSTEMPATH\Debug\Toolbar.php on line 447.
 1 [internal function]: CodeIgniter\Debug\Exceptions->errorHandler(2, 'Cannot modify header information - headers already sent by (output started at C:\\xampp\\htdocs\\Lab11\\ci4\\app\\Config\\Events.php:32)', 'SYSTEMPATH\\Debug\\Toolbar.php', 447)
 2 SYSTEMPATH\Debug\Toolbar.php(447): header('Content-Type: application/javascript')
 3 APPPATH\Config\Events.php(46): CodeIgniter\Debug\Toolbar->respond()
 4 SYSTEMPATH\Events\Events.php(149): CodeIgniter\Events\Events::Config\{closure}()
 5 SYSTEMPATH\CodeIgniter.php(328): CodeIgniter\Events\Events::trigger('pre_system')
 6 FCPATH\index.php(55): CodeIgniter\CodeIgniter->run()
CRITICAL - 2022-06-19 10:34:26 --> Cannot modify header information - headers already sent by (output started at C:\xampp\htdocs\Lab11\ci4\app\Config\Events.php:32)
in SYSTEMPATH\Debug\Toolbar.php on line 447.
 1 [internal function]: CodeIgniter\Debug\Exceptions->errorHandler(2, 'Cannot modify header information - headers already sent by (output started at C:\\xampp\\htdocs\\Lab11\\ci4\\app\\Config\\Events.php:32)', 'SYSTEMPATH\\Debug\\Toolbar.php', 447)
 2 SYSTEMPATH\Debug\Toolbar.php(447): header('Content-Type: application/javascript')
 3 APPPATH\Config\Events.php(46): CodeIgniter\Debug\Toolbar->respond()
 4 SYSTEMPATH\Events\Events.php(149): CodeIgniter\Events\Events::Config\{closure}()
 5 SYSTEMPATH\CodeIgniter.php(328): CodeIgniter\Events\Events::trigger('pre_system')
 6 FCPATH\index.php(55): CodeIgniter\CodeIgniter->run()
